-------------------------------------------------------------------------------
Test set: com.bookzone.service.RegistrationServiceTest
-------------------------------------------------------------------------------
Tests run: 6, Failures: 1, Errors: 1, Skipped: 0, Time elapsed: 0.040 s <<< FAILURE! -- in com.bookzone.service.RegistrationServiceTest
com.bookzone.service.RegistrationServiceTest.testIsValidEmailAddress_validExistingEmail -- Time elapsed: 0.006 s <<< FAILURE!
org.opentest4j.AssertionFailedError: expected: <false> but was: <true>
	at org.junit.jupiter.api.AssertionFailureBuilder.build(AssertionFailureBuilder.java:151)
	at org.junit.jupiter.api.AssertionFailureBuilder.buildAndThrow(AssertionFailureBuilder.java:132)
	at org.junit.jupiter.api.AssertFalse.failNotFalse(AssertFalse.java:63)
	at org.junit.jupiter.api.AssertFalse.assertFalse(AssertFalse.java:36)
	at org.junit.jupiter.api.AssertFalse.assertFalse(AssertFalse.java:31)
	at org.junit.jupiter.api.Assertions.assertFalse(Assertions.java:231)
	at com.bookzone.service.RegistrationServiceTest.testIsValidEmailAddress_validExistingEmail(RegistrationServiceTest.java:33)
	at java.base/java.lang.reflect.Method.invoke(Method.java:568)
	at java.base/java.util.ArrayList.forEach(ArrayList.java:1511)
	at java.base/java.util.ArrayList.forEach(ArrayList.java:1511)

com.bookzone.service.RegistrationServiceTest.testIsValidEmailAddress_validNewEmail -- Time elapsed: 0.012 s <<< ERROR!
org.mockito.exceptions.misusing.UnnecessaryStubbingException: 

Unnecessary stubbings detected.
Clean & maintainable test code requires zero unnecessary code.
Following stubbings are unnecessary (click to navigate to relevant line of code):
  1. -> at com.bookzone.service.RegistrationServiceTest.testIsValidEmailAddress_validNewEmail(RegistrationServiceTest.java:39)
Please remove unnecessary stubbings or use 'lenient' strictness. More info: javadoc for UnnecessaryStubbingException class.
	at org.mockito.junit.jupiter.MockitoExtension.afterEach(MockitoExtension.java:197)
	at java.base/java.util.ArrayList.forEach(ArrayList.java:1511)
	at java.base/java.util.ArrayList.forEach(ArrayList.java:1511)

